0 info it worked if it ends with ok
1 verbose cli [ '/usr/local/bin/node', '/usr/local/bin/npm', 'run', 'mobile' ]
2 info using npm@3.8.6
3 info using node@v6.0.0
4 verbose run-script [ 'premobile', 'mobile', 'postmobile' ]
5 info lifecycle @~premobile: @
6 silly lifecycle @~premobile: no script for premobile, continuing
7 info lifecycle @~mobile: @
8 verbose lifecycle @~mobile: unsafe-perm in lifecycle true
9 verbose lifecycle @~mobile: PATH: /usr/local/lib/node_modules/npm/bin/node-gyp-bin:/Users/michaltrunek/WebstormProjects/Spartan/node_modules/.bin:/usr/local/bin:/usr/local/bin:/usr/bin:/bin:/usr/sbin:/sbin
10 verbose lifecycle @~mobile: CWD: /Users/michaltrunek/WebstormProjects/Spartan
11 silly lifecycle @~mobile: Args: [ '-c',
11 silly lifecycle   'codeceptjs run --config ./runners/mobile/codecept.json --steps' ]
12 silly lifecycle @~mobile: Returned: code: 1  signal: null
13 info lifecycle @~mobile: Failed to exec mobile script
14 verbose stack Error: @ mobile: `codeceptjs run --config ./runners/mobile/codecept.json --steps`
14 verbose stack Exit status 1
14 verbose stack     at EventEmitter.<anonymous> (/usr/local/lib/node_modules/npm/lib/utils/lifecycle.js:239:16)
14 verbose stack     at emitTwo (events.js:106:13)
14 verbose stack     at EventEmitter.emit (events.js:191:7)
14 verbose stack     at ChildProcess.<anonymous> (/usr/local/lib/node_modules/npm/lib/utils/spawn.js:24:14)
14 verbose stack     at emitTwo (events.js:106:13)
14 verbose stack     at ChildProcess.emit (events.js:191:7)
14 verbose stack     at maybeClose (internal/child_process.js:850:16)
14 verbose stack     at Process.ChildProcess._handle.onexit (internal/child_process.js:215:5)
15 verbose pkgid @
16 verbose cwd /Users/michaltrunek/WebstormProjects/Spartan
17 error Darwin 15.5.0
18 error argv "/usr/local/bin/node" "/usr/local/bin/npm" "run" "mobile"
19 error node v6.0.0
20 error npm  v3.8.6
21 error code ELIFECYCLE
22 error @ mobile: `codeceptjs run --config ./runners/mobile/codecept.json --steps`
22 error Exit status 1
23 error Failed at the @ mobile script 'codeceptjs run --config ./runners/mobile/codecept.json --steps'.
23 error Make sure you have the latest version of node.js and npm installed.
23 error If you do, this is most likely a problem with the  package,
23 error not with npm itself.
23 error Tell the author that this fails on your system:
23 error     codeceptjs run --config ./runners/mobile/codecept.json --steps
23 error You can get information on how to open an issue for this project with:
23 error     npm bugs
23 error Or if that isn't available, you can get their info via:
23 error     npm owner ls
23 error There is likely additional logging output above.
24 verbose exit [ 1, true ]
